2021-06-19 10:01:13 info: XVBA Live Server extension is now active!
2021-06-19 10:01:13 debug: Start Watch Excel Export VBA Files
2021-06-19 10:01:13 debug: Start Run Macro Server
2021-06-19 10:01:13 info: XVBA Ribbon Starts
2021-06-19 10:49:28 debug: Start Move VBA files from tmp to Workspace
2021-06-19 10:49:29 debug: Finish Move VBA files from tmp to Workspace
2021-06-19 12:38:49 debug: Close Watch Excel Export VBA Files
2021-06-20 13:44:43 info: XVBA Live Server extension is now active!
2021-06-20 13:44:43 debug: Start Watch Excel Export VBA Files
2021-06-20 13:44:43 debug: Start Run Macro Server
2021-06-20 13:44:43 info: XVBA Ribbon Starts
2021-06-20 13:47:40 debug: Close Watch Excel Export VBA Files
2021-06-20 13:47:48 info: XVBA Live Server extension is now active!
2021-06-20 13:47:48 debug: Start Watch Excel Export VBA Files
2021-06-20 13:47:48 debug: Start Run Macro Server
2021-06-20 13:47:48 info: XVBA Ribbon Starts
2021-06-20 13:49:13 debug: Close Watch Excel Export VBA Files
2021-06-20 13:49:21 info: XVBA Live Server extension is now active!
2021-06-20 13:49:21 debug: Start Watch Excel Export VBA Files
2021-06-20 13:49:22 debug: Start Run Macro Server
2021-06-20 13:49:22 info: XVBA Ribbon Starts
2021-06-20 14:26:45 debug: Close Watch Excel Export VBA Files
2021-06-20 15:35:39 info: XVBA Live Server extension is now active!
2021-06-20 15:35:39 debug: Start Watch Excel Export VBA Files
2021-06-20 15:35:39 debug: Start Run Macro Server
2021-06-20 15:35:39 info: XVBA Ribbon Starts
2021-06-21 14:03:31 info: XVBA Live Server extension is now active!
2021-06-21 14:03:31 debug: Start Watch Excel Export VBA Files
2021-06-21 14:03:31 debug: Start Run Macro Server
2021-06-21 14:03:31 info: XVBA Ribbon Starts
2021-07-01 20:11:10 debug: Close Watch Excel Export VBA Files
2021-07-02 19:58:57 info: XVBA Live Server extension is now active!
2021-07-02 19:58:57 debug: Start Watch Excel Export VBA Files
2021-07-02 19:58:57 debug: Start Run Macro Server
2021-07-02 19:58:57 info: XVBA Ribbon Starts
2021-07-02 20:34:05 debug: Close Watch Excel Export VBA Files
2021-07-10 16:27:34 info: XVBA Live Server extension is now active!
2021-07-10 16:27:34 debug: Start Run Macro Server
2021-07-10 16:27:34 debug: Start Watch Excel Export VBA Files
2021-07-10 16:27:34 info: XVBA Ribbon Starts
2021-07-10 17:03:04 debug: Close Watch Excel Export VBA Files
2021-07-10 17:03:21 info: XVBA Live Server extension is now active!
2021-07-10 17:03:21 debug: Start Watch Excel Export VBA Files
2021-07-10 17:03:21 debug: Start Run Macro Server
2021-07-10 17:03:21 info: XVBA Ribbon Starts
2021-07-12 20:54:11 info: XVBA Live Server extension is now active!
2021-07-12 20:54:11 debug: Start Watch Excel Export VBA Files
2021-07-12 20:54:11 debug: Start Run Macro Server
2021-07-12 20:54:11 info: XVBA Ribbon Starts
